0 info it worked if it ends with ok
1 verbose cli [ 'D:\\NodeJS\\node.exe',
1 verbose cli   'D:\\NodeJS\\node_modules\\npm\\bin\\npm-cli.js',
1 verbose cli   'i',
1 verbose cli   '--save-dev',
1 verbose cli   'jquery' ]
2 info using npm@3.10.10
3 info using node@v6.10.2
4 silly loadCurrentTree Starting
5 silly install loadCurrentTree
6 silly install readLocalPackageData
7 silly fetchPackageMetaData jquery
8 silly fetchNamedPackageData jquery
9 silly mapToRegistry name jquery
10 silly mapToRegistry using default registry
11 silly mapToRegistry registry https://registry.npmjs.org/
12 silly mapToRegistry data Result {
12 silly mapToRegistry   raw: 'jquery',
12 silly mapToRegistry   scope: null,
12 silly mapToRegistry   escapedName: 'jquery',
12 silly mapToRegistry   name: 'jquery',
12 silly mapToRegistry   rawSpec: '',
12 silly mapToRegistry   spec: 'latest',
12 silly mapToRegistry   type: 'tag' }
13 silly mapToRegistry uri https://registry.npmjs.org/jquery
14 verbose request uri https://registry.npmjs.org/jquery
15 verbose request no auth needed
16 info attempt registry request try #1 at 20:38:51
17 verbose request id 682aaf807125d4bc
18 http request GET https://registry.npmjs.org/jquery
19 http 200 https://registry.npmjs.org/jquery
20 verbose headers { server: 'nginx/1.10.1',
20 verbose headers   'content-type': 'application/json',
20 verbose headers   'last-modified': 'Fri, 19 May 2017 15:44:06 GMT',
20 verbose headers   etag: 'W/"591f12c6-1600e"',
20 verbose headers   'content-encoding': 'gzip',
20 verbose headers   'cache-control': 'max-age=300',
20 verbose headers   'content-length': '10628',
20 verbose headers   'accept-ranges': 'bytes',
20 verbose headers   date: 'Tue, 23 May 2017 17:38:44 GMT',
20 verbose headers   via: '1.1 varnish',
20 verbose headers   age: '104',
20 verbose headers   connection: 'keep-alive',
20 verbose headers   'x-served-by': 'cache-hhn1542-HHN',
20 verbose headers   'x-cache': 'HIT',
20 verbose headers   'x-cache-hits': '3',
20 verbose headers   'x-timer': 'S1495561125.675060,VS0,VE0',
20 verbose headers   vary: 'Accept-Encoding' }
21 silly get cb [ 200,
21 silly get   { server: 'nginx/1.10.1',
21 silly get     'content-type': 'application/json',
21 silly get     'last-modified': 'Fri, 19 May 2017 15:44:06 GMT',
21 silly get     etag: 'W/"591f12c6-1600e"',
21 silly get     'content-encoding': 'gzip',
21 silly get     'cache-control': 'max-age=300',
21 silly get     'content-length': '10628',
21 silly get     'accept-ranges': 'bytes',
21 silly get     date: 'Tue, 23 May 2017 17:38:44 GMT',
21 silly get     via: '1.1 varnish',
21 silly get     age: '104',
21 silly get     connection: 'keep-alive',
21 silly get     'x-served-by': 'cache-hhn1542-HHN',
21 silly get     'x-cache': 'HIT',
21 silly get     'x-cache-hits': '3',
21 silly get     'x-timer': 'S1495561125.675060,VS0,VE0',
21 silly get     vary: 'Accept-Encoding' } ]
22 verbose get saving jquery to C:\Users\123\AppData\Roaming\npm-cache\registry.npmjs.org\jquery\.cache.json
23 verbose correctMkdir C:\Users\123\AppData\Roaming\npm-cache correctMkdir not in flight; initializing
24 silly install normalizeTree
25 silly loadCurrentTree Finishing
26 silly loadIdealTree Starting
27 silly install loadIdealTree
28 silly cloneCurrentTree Starting
29 silly install cloneCurrentTreeToIdealTree
30 silly cloneCurrentTree Finishing
31 silly loadShrinkwrap Starting
32 silly install loadShrinkwrap
33 silly loadShrinkwrap Finishing
34 silly loadAllDepsIntoIdealTree Starting
35 silly install loadAllDepsIntoIdealTree
36 silly resolveWithNewModule jquery@3.2.1 checking installable status
37 silly cache add args [ 'jquery', null ]
38 verbose cache add spec jquery
39 silly cache add parsed spec Result {
39 silly cache add   raw: 'jquery',
39 silly cache add   scope: null,
39 silly cache add   escapedName: 'jquery',
39 silly cache add   name: 'jquery',
39 silly cache add   rawSpec: '',
39 silly cache add   spec: 'latest',
39 silly cache add   type: 'tag' }
40 silly addNamed jquery@latest
41 verbose addNamed "latest" is being treated as a dist-tag for jquery
42 info addNameTag [ 'jquery', 'latest' ]
43 silly mapToRegistry name jquery
44 silly mapToRegistry using default registry
45 silly mapToRegistry registry https://registry.npmjs.org/
46 silly mapToRegistry data Result {
46 silly mapToRegistry   raw: 'jquery',
46 silly mapToRegistry   scope: null,
46 silly mapToRegistry   escapedName: 'jquery',
46 silly mapToRegistry   name: 'jquery',
46 silly mapToRegistry   rawSpec: '',
46 silly mapToRegistry   spec: 'latest',
46 silly mapToRegistry   type: 'tag' }
47 silly mapToRegistry uri https://registry.npmjs.org/jquery
48 verbose addNameTag registry:https://registry.npmjs.org/jquery not in flight; fetching
49 verbose get https://registry.npmjs.org/jquery not expired, no request
50 silly addNameTag next cb for jquery with tag latest
51 silly addNamed jquery@3.2.1
52 verbose addNamed "3.2.1" is a plain semver version for jquery
53 silly mapToRegistry name jquery
54 silly mapToRegistry using default registry
55 silly mapToRegistry registry https://registry.npmjs.org/
56 silly mapToRegistry data Result {
56 silly mapToRegistry   raw: 'jquery',
56 silly mapToRegistry   scope: null,
56 silly mapToRegistry   escapedName: 'jquery',
56 silly mapToRegistry   name: 'jquery',
56 silly mapToRegistry   rawSpec: '',
56 silly mapToRegistry   spec: 'latest',
56 silly mapToRegistry   type: 'tag' }
57 silly mapToRegistry uri https://registry.npmjs.org/jquery
58 verbose addRemoteTarball https://registry.npmjs.org/jquery/-/jquery-3.2.1.tgz not in flight; adding
59 verbose addRemoteTarball [ 'https://registry.npmjs.org/jquery/-/jquery-3.2.1.tgz',
59 verbose addRemoteTarball   '5c4d9de652af6cd0a770154a631bba12b015c787' ]
60 info retry fetch attempt 1 at 20:38:52
61 info attempt registry request try #1 at 20:38:52
62 http fetch GET https://registry.npmjs.org/jquery/-/jquery-3.2.1.tgz
63 http fetch 200 https://registry.npmjs.org/jquery/-/jquery-3.2.1.tgz
64 silly fetchAndShaCheck shasum 5c4d9de652af6cd0a770154a631bba12b015c787
65 verbose addTmpTarball C:\Users\123\AppData\Local\Temp\npm-7192-018fd16e\registry.npmjs.org\jquery\-\jquery-3.2.1.tgz not in flight; adding
66 verbose addTmpTarball already have metadata; skipping unpack for jquery@3.2.1
67 verbose correctMkdir C:\Users\123\AppData\Roaming\npm-cache correctMkdir not in flight; initializing
68 silly cache afterAdd jquery@3.2.1
69 verbose afterAdd C:\Users\123\AppData\Roaming\npm-cache\jquery\3.2.1\package\package.json not in flight; writing
70 verbose correctMkdir C:\Users\123\AppData\Roaming\npm-cache correctMkdir not in flight; initializing
71 verbose afterAdd C:\Users\123\AppData\Roaming\npm-cache\jquery\3.2.1\package\package.json written
72 silly loadAllDepsIntoIdealTree Finishing
73 silly loadIdealTree Finishing
74 silly currentTree Riff-Point
74 silly currentTree +-- accepts@1.0.7
74 silly currentTree +-- after@0.8.2
74 silly currentTree +-- ansi-regex@2.1.1
74 silly currentTree +-- ansi-styles@2.2.1
74 silly currentTree +-- archy@1.0.0
74 silly currentTree +-- arr-diff@2.0.0
74 silly currentTree +-- arr-flatten@1.0.3
74 silly currentTree +-- array-differ@1.0.0
74 silly currentTree +-- array-uniq@1.0.3
74 silly currentTree +-- array-unique@0.2.1
74 silly currentTree +-- arraybuffer.slice@0.0.6
74 silly currentTree +-- backo2@1.0.2
74 silly currentTree +-- balanced-match@0.4.2
74 silly currentTree +-- base64-arraybuffer@0.1.5
74 silly currentTree +-- base64id@1.0.0
74 silly currentTree +-- batch@0.5.1
74 silly currentTree +-- beeper@1.1.1
74 silly currentTree +-- better-assert@1.0.2
74 silly currentTree +-- blob@0.0.4
74 silly currentTree +-- brace-expansion@1.1.7
74 silly currentTree +-- braces@1.8.5
74 silly currentTree +-- buffer-shims@1.0.0
74 silly currentTree +-- callsite@1.0.0
74 silly currentTree +-- chalk@1.1.3
74 silly currentTree +-- clone-stats@0.0.1
74 silly currentTree +-- clone@1.0.2
74 silly currentTree +-- commander@2.9.0
74 silly currentTree +-- component-bind@1.0.0
74 silly currentTree +-- component-emitter@1.1.2
74 silly currentTree +-- component-inherit@0.0.3
74 silly currentTree +-- concat-map@0.0.1
74 silly currentTree +-- connect-inject@0.3.2
74 silly currentTree +-- connect@3.1.1
74 silly currentTree +-- cookie@0.3.1
74 silly currentTree +-- core-util-is@1.0.2
74 silly currentTree +-- dateformat@2.0.0
74 silly currentTree +-- debug@1.0.4
74 silly currentTree +-- defaults@1.0.3
74 silly currentTree +-- depd@0.4.4
74 silly currentTree +-- deprecated@0.0.1
74 silly currentTree +-- destroy@1.0.3
74 silly currentTree +-- detect-file@0.1.0
74 silly currentTree +-- duplexer2@0.0.2
74 silly currentTree +-- duplexify@3.5.0
74 silly currentTree | +-- end-of-stream@1.0.0
74 silly currentTree | +-- isarray@1.0.0
74 silly currentTree | +-- readable-stream@2.2.9
74 silly currentTree | `-- string_decoder@1.0.1
74 silly currentTree +-- ee-first@1.0.5
74 silly currentTree +-- end-of-stream@0.1.5
74 silly currentTree +-- engine.io-client@1.8.4
74 silly currentTree | +-- component-emitter@1.2.1
74 silly currentTree | +-- debug@2.3.3
74 silly currentTree | +-- ms@0.7.2
74 silly currentTree | `-- ws@1.1.2
74 silly currentTree +-- engine.io-parser@1.3.2
74 silly currentTree +-- engine.io@1.8.4
74 silly currentTree | +-- accepts@1.3.3
74 silly currentTree | +-- debug@2.3.3
74 silly currentTree | +-- mime-types@2.1.15
74 silly currentTree | +-- ms@0.7.2
74 silly currentTree | `-- negotiator@0.6.1
74 silly currentTree +-- escape-html@1.0.1
74 silly currentTree +-- escape-string-regexp@1.0.5
74 silly currentTree +-- expand-brackets@0.1.5
74 silly currentTree +-- expand-range@1.8.2
74 silly currentTree +-- expand-tilde@1.2.2
74 silly currentTree +-- extend@3.0.1
74 silly currentTree +-- extglob@0.3.2
74 silly currentTree +-- fancy-log@1.3.0
74 silly currentTree +-- filename-regex@2.0.1
74 silly currentTree +-- fill-range@2.2.3
74 silly currentTree +-- finalhandler@0.1.0
74 silly currentTree +-- find-index@0.1.1
74 silly currentTree +-- findup-sync@0.4.3
74 silly currentTree +-- fined@1.0.2
74 silly currentTree +-- first-chunk-stream@1.0.0
74 silly currentTree +-- flagged-respawn@0.3.2
74 silly currentTree +-- for-in@1.0.2
74 silly currentTree +-- for-own@0.1.5
74 silly currentTree +-- fresh@0.2.2
74 silly currentTree +-- fs-exists-sync@0.1.0
74 silly currentTree +-- gaze@0.5.2
74 silly currentTree +-- glob-base@0.3.0
74 silly currentTree +-- glob-parent@2.0.0
74 silly currentTree +-- glob-stream@3.1.18
74 silly currentTree | +-- readable-stream@1.0.34
74 silly currentTree | `-- through2@0.6.5
74 silly currentTree +-- glob-watcher@0.0.6
74 silly currentTree +-- glob@4.5.3
74 silly currentTree +-- glob2base@0.0.12
74 silly currentTree +-- global-modules@0.2.3
74 silly currentTree +-- global-prefix@0.1.5
74 silly currentTree +-- globule@0.1.0
74 silly currentTree | +-- glob@3.1.21
74 silly currentTree | +-- graceful-fs@1.2.3
74 silly currentTree | +-- inherits@1.0.2
74 silly currentTree | `-- minimatch@0.2.14
74 silly currentTree +-- glogg@1.0.0
74 silly currentTree +-- graceful-fs@3.0.11
74 silly currentTree +-- graceful-readlink@1.0.1
74 silly currentTree +-- gulp-server-livereload@1.9.2
74 silly currentTree | +-- clone@0.2.0
74 silly currentTree | +-- glob-stream@4.1.1
74 silly currentTree | | +-- through2@0.6.5
74 silly currentTree | | `-- xtend@4.0.1
74 silly currentTree | +-- glob-watcher@0.0.8
74 silly currentTree | +-- lodash@4.17.4
74 silly currentTree | +-- object-assign@2.1.1
74 silly currentTree | +-- readable-stream@1.0.34
74 silly currentTree | +-- through2@0.5.1
74 silly currentTree | +-- unique-stream@2.2.1
74 silly currentTree | +-- vinyl-fs@1.0.0
74 silly currentTree | | +-- through2@0.6.5
74 silly currentTree | | `-- xtend@4.0.1
74 silly currentTree | +-- vinyl@0.4.6
74 silly currentTree | `-- xtend@3.0.0
74 silly currentTree +-- gulp-util@3.0.8
74 silly currentTree +-- gulp@3.9.1
74 silly currentTree +-- gulplog@1.0.0
74 silly currentTree +-- has-ansi@2.0.0
74 silly currentTree +-- has-binary@0.1.7
74 silly currentTree +-- has-cors@1.1.0
74 silly currentTree +-- has-gulplog@0.1.0
74 silly currentTree +-- homedir-polyfill@1.0.1
74 silly currentTree +-- indexof@0.0.1
74 silly currentTree +-- inflight@1.0.6
74 silly currentTree +-- inherits@2.0.3
74 silly currentTree +-- ini@1.3.4
74 silly currentTree +-- interpret@1.0.3
74 silly currentTree +-- is-absolute@0.2.6
74 silly currentTree +-- is-buffer@1.1.5
74 silly currentTree +-- is-dotfile@1.0.2
74 silly currentTree +-- is-equal-shallow@0.1.3
74 silly currentTree +-- is-extendable@0.1.1
74 silly currentTree +-- is-extglob@1.0.0
74 silly currentTree +-- is-glob@2.0.1
74 silly currentTree +-- is-number@2.1.0
74 silly currentTree +-- is-posix-bracket@0.1.1
74 silly currentTree +-- is-primitive@2.0.0
74 silly currentTree +-- is-relative@0.2.1
74 silly currentTree +-- is-unc-path@0.1.2
74 silly currentTree +-- is-utf8@0.2.1
74 silly currentTree +-- is-windows@0.2.0
74 silly currentTree +-- is@0.3.0
74 silly currentTree +-- isarray@0.0.1
74 silly currentTree +-- isexe@2.0.0
74 silly currentTree +-- isobject@2.1.0
74 silly currentTree | `-- isarray@1.0.0
74 silly currentTree +-- json-stable-stringify@1.0.1
74 silly currentTree +-- json3@3.3.2
74 silly currentTree +-- jsonify@0.0.0
74 silly currentTree +-- kind-of@3.2.2
74 silly currentTree +-- liftoff@2.3.0
74 silly currentTree +-- lodash._basecopy@3.0.1
74 silly currentTree +-- lodash._basetostring@3.0.1
74 silly currentTree +-- lodash._basevalues@3.0.0
74 silly currentTree +-- lodash._getnative@3.9.1
74 silly currentTree +-- lodash._isiterateecall@3.0.9
74 silly currentTree +-- lodash._reescape@3.0.0
74 silly currentTree +-- lodash._reevaluate@3.0.0
74 silly currentTree +-- lodash._reinterpolate@3.0.0
74 silly currentTree +-- lodash._root@3.0.1
74 silly currentTree +-- lodash.assignwith@4.2.0
74 silly currentTree +-- lodash.escape@3.2.0
74 silly currentTree +-- lodash.isarguments@3.1.0
74 silly currentTree +-- lodash.isarray@3.0.4
74 silly currentTree +-- lodash.isempty@4.4.0
74 silly currentTree +-- lodash.isplainobject@4.0.6
74 silly currentTree +-- lodash.isstring@4.0.1
74 silly currentTree +-- lodash.keys@3.1.2
74 silly currentTree +-- lodash.mapvalues@4.6.0
74 silly currentTree +-- lodash.pick@4.4.0
74 silly currentTree +-- lodash.restparam@3.6.1
74 silly currentTree +-- lodash.template@3.6.2
74 silly currentTree +-- lodash.templatesettings@3.1.1
74 silly currentTree +-- lodash@1.0.2
74 silly currentTree +-- lru-cache@2.7.3
74 silly currentTree +-- map-cache@0.2.2
74 silly currentTree +-- merge-stream@0.1.8
74 silly currentTree | +-- readable-stream@1.0.34
74 silly currentTree | `-- through2@0.6.5
74 silly currentTree +-- micromatch@2.3.11
74 silly currentTree +-- mime-db@1.27.0
74 silly currentTree +-- mime-types@1.0.2
74 silly currentTree +-- mime@1.2.11
74 silly currentTree +-- minimatch@2.0.10
74 silly currentTree +-- minimist@1.2.0
74 silly currentTree +-- mkdirp@0.5.1
74 silly currentTree | `-- minimist@0.0.8
74 silly currentTree +-- ms@0.6.2
74 silly currentTree +-- multipipe@0.1.2
74 silly currentTree +-- natives@1.1.0
74 silly currentTree +-- negotiator@0.4.7
74 silly currentTree +-- node-watch@0.3.5
74 silly currentTree +-- node.extend@1.0.10
74 silly currentTree +-- normalize-path@2.1.1
74 silly currentTree +-- object-assign@3.0.0
74 silly currentTree +-- object-component@0.0.3
74 silly currentTree +-- object.omit@2.0.1
74 silly currentTree +-- on-finished@2.1.0
74 silly currentTree +-- once@1.3.3
74 silly currentTree +-- open@0.0.5
74 silly currentTree +-- options@0.0.6
74 silly currentTree +-- orchestrator@0.3.8
74 silly currentTree +-- ordered-read-streams@0.1.0
74 silly currentTree +-- os-homedir@1.0.2
74 silly currentTree +-- parse-filepath@1.0.1
74 silly currentTree +-- parse-glob@3.0.4
74 silly currentTree +-- parse-passwd@1.0.0
74 silly currentTree +-- parsejson@0.0.3
74 silly currentTree +-- parseqs@0.0.5
74 silly currentTree +-- parseuri@0.0.5
74 silly currentTree +-- parseurl@1.3.1
74 silly currentTree +-- path-parse@1.0.5
74 silly currentTree +-- path-root-regex@0.1.2
74 silly currentTree +-- path-root@0.1.1
74 silly currentTree +-- preserve@0.2.0
74 silly currentTree +-- pretty-hrtime@1.0.3
74 silly currentTree +-- process-nextick-args@1.0.7
74 silly currentTree +-- proxy-middleware@0.15.0
74 silly currentTree +-- randomatic@1.1.6
74 silly currentTree +-- range-parser@1.0.3
74 silly currentTree +-- readable-stream@1.1.14
74 silly currentTree +-- rechoir@0.6.2
74 silly currentTree +-- regex-cache@0.4.3
74 silly currentTree +-- remove-trailing-separator@1.0.1
74 silly currentTree +-- repeat-element@1.1.2
74 silly currentTree +-- repeat-string@1.6.1
74 silly currentTree +-- replace-ext@0.0.1
74 silly currentTree +-- resolve-dir@0.1.1
74 silly currentTree +-- resolve@1.3.3
74 silly currentTree +-- safe-buffer@5.0.1
74 silly currentTree +-- semver@4.3.6
74 silly currentTree +-- send@0.8.5
74 silly currentTree +-- sequencify@0.0.7
74 silly currentTree +-- serve-index@1.1.6
74 silly currentTree +-- serve-static@1.5.4
74 silly currentTree +-- sigmund@1.0.1
74 silly currentTree +-- socket.io-adapter@0.5.0
74 silly currentTree | +-- debug@2.3.3
74 silly currentTree | `-- ms@0.7.2
74 silly currentTree +-- socket.io-client@1.7.4
74 silly currentTree | +-- component-emitter@1.2.1
74 silly currentTree | +-- debug@2.3.3
74 silly currentTree | `-- ms@0.7.2
74 silly currentTree +-- socket.io-parser@2.3.1
74 silly currentTree | +-- debug@2.2.0
74 silly currentTree | `-- ms@0.7.1
74 silly currentTree +-- socket.io@1.7.4
74 silly currentTree | +-- debug@2.3.3
74 silly currentTree | +-- ms@0.7.2
74 silly currentTree | `-- object-assign@4.1.0
74 silly currentTree +-- sparkles@1.0.0
74 silly currentTree +-- stream-consume@0.1.0
74 silly currentTree +-- stream-shift@1.0.0
74 silly currentTree +-- string_decoder@0.10.31
74 silly currentTree +-- strip-ansi@3.0.1
74 silly currentTree +-- strip-bom@1.0.0
74 silly currentTree +-- supports-color@2.0.0
74 silly currentTree +-- through2-filter@2.0.0
74 silly currentTree +-- through2@2.0.3
74 silly currentTree | +-- isarray@1.0.0
74 silly currentTree | +-- readable-stream@2.2.9
74 silly currentTree | `-- string_decoder@1.0.1
74 silly currentTree +-- tildify@1.2.0
74 silly currentTree +-- time-stamp@1.1.0
74 silly currentTree +-- to-array@0.1.4
74 silly currentTree +-- ultron@1.0.2
74 silly currentTree +-- unc-path-regex@0.1.2
74 silly currentTree +-- unique-stream@1.0.0
74 silly currentTree +-- user-home@1.1.1
74 silly currentTree +-- util-deprecate@1.0.2
74 silly currentTree +-- utils-merge@1.0.0
74 silly currentTree +-- v8flags@2.1.1
74 silly currentTree +-- vinyl-fs@0.3.14
74 silly currentTree | +-- clone@0.2.0
74 silly currentTree | +-- readable-stream@1.0.34
74 silly currentTree | +-- through2@0.6.5
74 silly currentTree | `-- vinyl@0.4.6
74 silly currentTree +-- vinyl@0.5.3
74 silly currentTree +-- which@1.2.14
74 silly currentTree +-- wrappy@1.0.2
74 silly currentTree +-- ws@1.1.4
74 silly currentTree +-- wtf-8@1.0.0
74 silly currentTree +-- xmlhttprequest-ssl@1.5.3
74 silly currentTree +-- xtend@4.0.1
74 silly currentTree `-- yeast@0.1.2
75 silly idealTree Riff-Point
75 silly idealTree +-- accepts@1.0.7
75 silly idealTree +-- after@0.8.2
75 silly idealTree +-- ansi-regex@2.1.1
75 silly idealTree +-- ansi-styles@2.2.1
75 silly idealTree +-- archy@1.0.0
75 silly idealTree +-- arr-diff@2.0.0
75 silly idealTree +-- arr-flatten@1.0.3
75 silly idealTree +-- array-differ@1.0.0
75 silly idealTree +-- array-uniq@1.0.3
75 silly idealTree +-- array-unique@0.2.1
75 silly idealTree +-- arraybuffer.slice@0.0.6
75 silly idealTree +-- backo2@1.0.2
75 silly idealTree +-- balanced-match@0.4.2
75 silly idealTree +-- base64-arraybuffer@0.1.5
75 silly idealTree +-- base64id@1.0.0
75 silly idealTree +-- batch@0.5.1
75 silly idealTree +-- beeper@1.1.1
75 silly idealTree +-- better-assert@1.0.2
75 silly idealTree +-- blob@0.0.4
75 silly idealTree +-- brace-expansion@1.1.7
75 silly idealTree +-- braces@1.8.5
75 silly idealTree +-- buffer-shims@1.0.0
75 silly idealTree +-- callsite@1.0.0
75 silly idealTree +-- chalk@1.1.3
75 silly idealTree +-- clone-stats@0.0.1
75 silly idealTree +-- clone@1.0.2
75 silly idealTree +-- commander@2.9.0
75 silly idealTree +-- component-bind@1.0.0
75 silly idealTree +-- component-emitter@1.1.2
75 silly idealTree +-- component-inherit@0.0.3
75 silly idealTree +-- concat-map@0.0.1
75 silly idealTree +-- connect-inject@0.3.2
75 silly idealTree +-- connect@3.1.1
75 silly idealTree +-- cookie@0.3.1
75 silly idealTree +-- core-util-is@1.0.2
75 silly idealTree +-- dateformat@2.0.0
75 silly idealTree +-- debug@1.0.4
75 silly idealTree +-- defaults@1.0.3
75 silly idealTree +-- depd@0.4.4
75 silly idealTree +-- deprecated@0.0.1
75 silly idealTree +-- destroy@1.0.3
75 silly idealTree +-- detect-file@0.1.0
75 silly idealTree +-- duplexer2@0.0.2
75 silly idealTree +-- duplexify@3.5.0
75 silly idealTree | +-- end-of-stream@1.0.0
75 silly idealTree | +-- isarray@1.0.0
75 silly idealTree | +-- readable-stream@2.2.9
75 silly idealTree | `-- string_decoder@1.0.1
75 silly idealTree +-- ee-first@1.0.5
75 silly idealTree +-- end-of-stream@0.1.5
75 silly idealTree +-- engine.io-client@1.8.4
75 silly idealTree | +-- component-emitter@1.2.1
75 silly idealTree | +-- debug@2.3.3
75 silly idealTree | +-- ms@0.7.2
75 silly idealTree | `-- ws@1.1.2
75 silly idealTree +-- engine.io-parser@1.3.2
75 silly idealTree +-- engine.io@1.8.4
75 silly idealTree | +-- accepts@1.3.3
75 silly idealTree | +-- debug@2.3.3
75 silly idealTree | +-- mime-types@2.1.15
75 silly idealTree | +-- ms@0.7.2
75 silly idealTree | `-- negotiator@0.6.1
75 silly idealTree +-- escape-html@1.0.1
75 silly idealTree +-- escape-string-regexp@1.0.5
75 silly idealTree +-- expand-brackets@0.1.5
75 silly idealTree +-- expand-range@1.8.2
75 silly idealTree +-- expand-tilde@1.2.2
75 silly idealTree +-- extend@3.0.1
75 silly idealTree +-- extglob@0.3.2
75 silly idealTree +-- fancy-log@1.3.0
75 silly idealTree +-- filename-regex@2.0.1
75 silly idealTree +-- fill-range@2.2.3
75 silly idealTree +-- finalhandler@0.1.0
75 silly idealTree +-- find-index@0.1.1
75 silly idealTree +-- findup-sync@0.4.3
75 silly idealTree +-- fined@1.0.2
75 silly idealTree +-- first-chunk-stream@1.0.0
75 silly idealTree +-- flagged-respawn@0.3.2
75 silly idealTree +-- for-in@1.0.2
75 silly idealTree +-- for-own@0.1.5
75 silly idealTree +-- fresh@0.2.2
75 silly idealTree +-- fs-exists-sync@0.1.0
75 silly idealTree +-- gaze@0.5.2
75 silly idealTree +-- glob-base@0.3.0
75 silly idealTree +-- glob-parent@2.0.0
75 silly idealTree +-- glob-stream@3.1.18
75 silly idealTree | +-- readable-stream@1.0.34
75 silly idealTree | `-- through2@0.6.5
75 silly idealTree +-- glob-watcher@0.0.6
75 silly idealTree +-- glob@4.5.3
75 silly idealTree +-- glob2base@0.0.12
75 silly idealTree +-- global-modules@0.2.3
75 silly idealTree +-- global-prefix@0.1.5
75 silly idealTree +-- globule@0.1.0
75 silly idealTree | +-- glob@3.1.21
75 silly idealTree | +-- graceful-fs@1.2.3
75 silly idealTree | +-- inherits@1.0.2
75 silly idealTree | `-- minimatch@0.2.14
75 silly idealTree +-- glogg@1.0.0
75 silly idealTree +-- graceful-fs@3.0.11
75 silly idealTree +-- graceful-readlink@1.0.1
75 silly idealTree +-- gulp-server-livereload@1.9.2
75 silly idealTree | +-- clone@0.2.0
75 silly idealTree | +-- glob-stream@4.1.1
75 silly idealTree | | +-- through2@0.6.5
75 silly idealTree | | `-- xtend@4.0.1
75 silly idealTree | +-- glob-watcher@0.0.8
75 silly idealTree | +-- lodash@4.17.4
75 silly idealTree | +-- object-assign@2.1.1
75 silly idealTree | +-- readable-stream@1.0.34
75 silly idealTree | +-- through2@0.5.1
75 silly idealTree | +-- unique-stream@2.2.1
75 silly idealTree | +-- vinyl-fs@1.0.0
75 silly idealTree | | +-- through2@0.6.5
75 silly idealTree | | `-- xtend@4.0.1
75 silly idealTree | +-- vinyl@0.4.6
75 silly idealTree | `-- xtend@3.0.0
75 silly idealTree +-- gulp-util@3.0.8
75 silly idealTree +-- gulp@3.9.1
75 silly idealTree +-- gulplog@1.0.0
75 silly idealTree +-- has-ansi@2.0.0
75 silly idealTree +-- has-binary@0.1.7
75 silly idealTree +-- has-cors@1.1.0
75 silly idealTree +-- has-gulplog@0.1.0
75 silly idealTree +-- homedir-polyfill@1.0.1
75 silly idealTree +-- indexof@0.0.1
75 silly idealTree +-- inflight@1.0.6
75 silly idealTree +-- inherits@2.0.3
75 silly idealTree +-- ini@1.3.4
75 silly idealTree +-- interpret@1.0.3
75 silly idealTree +-- is-absolute@0.2.6
75 silly idealTree +-- is-buffer@1.1.5
75 silly idealTree +-- is-dotfile@1.0.2
75 silly idealTree +-- is-equal-shallow@0.1.3
75 silly idealTree +-- is-extendable@0.1.1
75 silly idealTree +-- is-extglob@1.0.0
75 silly idealTree +-- is-glob@2.0.1
75 silly idealTree +-- is-number@2.1.0
75 silly idealTree +-- is-posix-bracket@0.1.1
75 silly idealTree +-- is-primitive@2.0.0
75 silly idealTree +-- is-relative@0.2.1
75 silly idealTree +-- is-unc-path@0.1.2
75 silly idealTree +-- is-utf8@0.2.1
75 silly idealTree +-- is-windows@0.2.0
75 silly idealTree +-- is@0.3.0
75 silly idealTree +-- isarray@0.0.1
75 silly idealTree +-- isexe@2.0.0
75 silly idealTree +-- isobject@2.1.0
75 silly idealTree | `-- isarray@1.0.0
75 silly idealTree +-- jquery@3.2.1
75 silly idealTree +-- json-stable-stringify@1.0.1
75 silly idealTree +-- json3@3.3.2
75 silly idealTree +-- jsonify@0.0.0
75 silly idealTree +-- kind-of@3.2.2
75 silly idealTree +-- liftoff@2.3.0
75 silly idealTree +-- lodash._basecopy@3.0.1
75 silly idealTree +-- lodash._basetostring@3.0.1
75 silly idealTree +-- lodash._basevalues@3.0.0
75 silly idealTree +-- lodash._getnative@3.9.1
75 silly idealTree +-- lodash._isiterateecall@3.0.9
75 silly idealTree +-- lodash._reescape@3.0.0
75 silly idealTree +-- lodash._reevaluate@3.0.0
75 silly idealTree +-- lodash._reinterpolate@3.0.0
75 silly idealTree +-- lodash._root@3.0.1
75 silly idealTree +-- lodash.assignwith@4.2.0
75 silly idealTree +-- lodash.escape@3.2.0
75 silly idealTree +-- lodash.isarguments@3.1.0
75 silly idealTree +-- lodash.isarray@3.0.4
75 silly idealTree +-- lodash.isempty@4.4.0
75 silly idealTree +-- lodash.isplainobject@4.0.6
75 silly idealTree +-- lodash.isstring@4.0.1
75 silly idealTree +-- lodash.keys@3.1.2
75 silly idealTree +-- lodash.mapvalues@4.6.0
75 silly idealTree +-- lodash.pick@4.4.0
75 silly idealTree +-- lodash.restparam@3.6.1
75 silly idealTree +-- lodash.template@3.6.2
75 silly idealTree +-- lodash.templatesettings@3.1.1
75 silly idealTree +-- lodash@1.0.2
75 silly idealTree +-- lru-cache@2.7.3
75 silly idealTree +-- map-cache@0.2.2
75 silly idealTree +-- merge-stream@0.1.8
75 silly idealTree | +-- readable-stream@1.0.34
75 silly idealTree | `-- through2@0.6.5
75 silly idealTree +-- micromatch@2.3.11
75 silly idealTree +-- mime-db@1.27.0
75 silly idealTree +-- mime-types@1.0.2
75 silly idealTree +-- mime@1.2.11
75 silly idealTree +-- minimatch@2.0.10
75 silly idealTree +-- minimist@1.2.0
75 silly idealTree +-- mkdirp@0.5.1
75 silly idealTree | `-- minimist@0.0.8
75 silly idealTree +-- ms@0.6.2
75 silly idealTree +-- multipipe@0.1.2
75 silly idealTree +-- natives@1.1.0
75 silly idealTree +-- negotiator@0.4.7
75 silly idealTree +-- node-watch@0.3.5
75 silly idealTree +-- node.extend@1.0.10
75 silly idealTree +-- normalize-path@2.1.1
75 silly idealTree +-- object-assign@3.0.0
75 silly idealTree +-- object-component@0.0.3
75 silly idealTree +-- object.omit@2.0.1
75 silly idealTree +-- on-finished@2.1.0
75 silly idealTree +-- once@1.3.3
75 silly idealTree +-- open@0.0.5
75 silly idealTree +-- options@0.0.6
75 silly idealTree +-- orchestrator@0.3.8
75 silly idealTree +-- ordered-read-streams@0.1.0
75 silly idealTree +-- os-homedir@1.0.2
75 silly idealTree +-- parse-filepath@1.0.1
75 silly idealTree +-- parse-glob@3.0.4
75 silly idealTree +-- parse-passwd@1.0.0
75 silly idealTree +-- parsejson@0.0.3
75 silly idealTree +-- parseqs@0.0.5
75 silly idealTree +-- parseuri@0.0.5
75 silly idealTree +-- parseurl@1.3.1
75 silly idealTree +-- path-parse@1.0.5
75 silly idealTree +-- path-root-regex@0.1.2
75 silly idealTree +-- path-root@0.1.1
75 silly idealTree +-- preserve@0.2.0
75 silly idealTree +-- pretty-hrtime@1.0.3
75 silly idealTree +-- process-nextick-args@1.0.7
75 silly idealTree +-- proxy-middleware@0.15.0
75 silly idealTree +-- randomatic@1.1.6
75 silly idealTree +-- range-parser@1.0.3
75 silly idealTree +-- readable-stream@1.1.14
75 silly idealTree +-- rechoir@0.6.2
75 silly idealTree +-- regex-cache@0.4.3
75 silly idealTree +-- remove-trailing-separator@1.0.1
75 silly idealTree +-- repeat-element@1.1.2
75 silly idealTree +-- repeat-string@1.6.1
75 silly idealTree +-- replace-ext@0.0.1
75 silly idealTree +-- resolve-dir@0.1.1
75 silly idealTree +-- resolve@1.3.3
75 silly idealTree +-- safe-buffer@5.0.1
75 silly idealTree +-- semver@4.3.6
75 silly idealTree +-- send@0.8.5
75 silly idealTree +-- sequencify@0.0.7
75 silly idealTree +-- serve-index@1.1.6
75 silly idealTree +-- serve-static@1.5.4
75 silly idealTree +-- sigmund@1.0.1
75 silly idealTree +-- socket.io-adapter@0.5.0
75 silly idealTree | +-- debug@2.3.3
75 silly idealTree | `-- ms@0.7.2
75 silly idealTree +-- socket.io-client@1.7.4
75 silly idealTree | +-- component-emitter@1.2.1
75 silly idealTree | +-- debug@2.3.3
75 silly idealTree | `-- ms@0.7.2
75 silly idealTree +-- socket.io-parser@2.3.1
75 silly idealTree | +-- debug@2.2.0
75 silly idealTree | `-- ms@0.7.1
75 silly idealTree +-- socket.io@1.7.4
75 silly idealTree | +-- debug@2.3.3
75 silly idealTree | +-- ms@0.7.2
75 silly idealTree | `-- object-assign@4.1.0
75 silly idealTree +-- sparkles@1.0.0
75 silly idealTree +-- stream-consume@0.1.0
75 silly idealTree +-- stream-shift@1.0.0
75 silly idealTree +-- string_decoder@0.10.31
75 silly idealTree +-- strip-ansi@3.0.1
75 silly idealTree +-- strip-bom@1.0.0
75 silly idealTree +-- supports-color@2.0.0
75 silly idealTree +-- through2-filter@2.0.0
75 silly idealTree +-- through2@2.0.3
75 silly idealTree | +-- isarray@1.0.0
75 silly idealTree | +-- readable-stream@2.2.9
75 silly idealTree | `-- string_decoder@1.0.1
75 silly idealTree +-- tildify@1.2.0
75 silly idealTree +-- time-stamp@1.1.0
75 silly idealTree +-- to-array@0.1.4
75 silly idealTree +-- ultron@1.0.2
75 silly idealTree +-- unc-path-regex@0.1.2
75 silly idealTree +-- unique-stream@1.0.0
75 silly idealTree +-- user-home@1.1.1
75 silly idealTree +-- util-deprecate@1.0.2
75 silly idealTree +-- utils-merge@1.0.0
75 silly idealTree +-- v8flags@2.1.1
75 silly idealTree +-- vinyl-fs@0.3.14
75 silly idealTree | +-- clone@0.2.0
75 silly idealTree | +-- readable-stream@1.0.34
75 silly idealTree | +-- through2@0.6.5
75 silly idealTree | `-- vinyl@0.4.6
75 silly idealTree +-- vinyl@0.5.3
75 silly idealTree +-- which@1.2.14
75 silly idealTree +-- wrappy@1.0.2
75 silly idealTree +-- ws@1.1.4
75 silly idealTree +-- wtf-8@1.0.0
75 silly idealTree +-- xmlhttprequest-ssl@1.5.3
75 silly idealTree +-- xtend@4.0.1
75 silly idealTree `-- yeast@0.1.2
76 silly generateActionsToTake Starting
77 silly install generateActionsToTake
78 silly generateActionsToTake Finishing
79 silly diffTrees action count 1
80 silly diffTrees add jquery@3.2.1
81 silly decomposeActions action count 8
82 silly decomposeActions fetch jquery@3.2.1
83 silly decomposeActions extract jquery@3.2.1
84 silly decomposeActions test jquery@3.2.1
85 silly decomposeActions preinstall jquery@3.2.1
86 silly decomposeActions build jquery@3.2.1
87 silly decomposeActions install jquery@3.2.1
88 silly decomposeActions postinstall jquery@3.2.1
89 silly decomposeActions finalize jquery@3.2.1
90 silly runTopLevelLifecycles Starting
91 silly executeActions Starting
92 silly install executeActions
93 silly doSerial global-install 0
94 silly doParallel fetch 1
95 verbose correctMkdir C:\Users\123\AppData\Roaming\npm-cache\_locks correctMkdir not in flight; initializing
96 verbose lock using C:\Users\123\AppData\Roaming\npm-cache\_locks\staging-75ab2cc1533838c1.lock for D:\Программирование\Riff-Point\node_modules\.staging
97 silly doParallel extract 1
98 silly extract jquery@3.2.1
99 verbose unbuild node_modules\.staging\jquery-fb7ed0e4
100 silly gentlyRm D:\Программирование\Riff-Point\node_modules\.staging\jquery-fb7ed0e4 is being purged from base D:\Программирование\Riff-Point
101 verbose gentlyRm don't care about contents; nuking D:\Программирование\Riff-Point\node_modules\.staging\jquery-fb7ed0e4
102 verbose tar unpack C:\Users\123\AppData\Roaming\npm-cache\jquery\3.2.1\package.tgz
103 verbose tar unpacking to D:\Программирование\Riff-Point\node_modules\.staging\jquery-fb7ed0e4
104 silly gentlyRm D:\Программирование\Riff-Point\node_modules\.staging\jquery-fb7ed0e4 is being purged
105 verbose gentlyRm don't care about contents; nuking D:\Программирование\Riff-Point\node_modules\.staging\jquery-fb7ed0e4
106 silly gunzTarPerm modes [ '777', '666' ]
107 silly gunzTarPerm extractEntry package.json
108 silly gunzTarPerm modified mode [ 'package.json', 420, 438 ]
109 silly gunzTarPerm extractEntry README.md
110 silly gunzTarPerm modified mode [ 'README.md', 420, 438 ]
111 silly gunzTarPerm extractEntry AUTHORS.txt
112 silly gunzTarPerm modified mode [ 'AUTHORS.txt', 420, 438 ]
113 silly gunzTarPerm extractEntry LICENSE.txt
114 silly gunzTarPerm modified mode [ 'LICENSE.txt', 420, 438 ]
115 silly gunzTarPerm extractEntry bower.json
116 silly gunzTarPerm modified mode [ 'bower.json', 420, 438 ]
117 silly gunzTarPerm extractEntry dist/core.js
118 silly gunzTarPerm modified mode [ 'dist/core.js', 420, 438 ]
119 silly gunzTarPerm extractEntry dist/jquery.js
120 silly gunzTarPerm modified mode [ 'dist/jquery.js', 420, 438 ]
121 silly gunzTarPerm extractEntry dist/jquery.min.js
122 silly gunzTarPerm modified mode [ 'dist/jquery.min.js', 420, 438 ]
123 silly gunzTarPerm extractEntry dist/jquery.slim.js
124 silly gunzTarPerm modified mode [ 'dist/jquery.slim.js', 420, 438 ]
125 silly gunzTarPerm extractEntry dist/jquery.slim.min.js
126 silly gunzTarPerm modified mode [ 'dist/jquery.slim.min.js', 420, 438 ]
127 silly gunzTarPerm extractEntry dist/jquery.min.map
128 silly gunzTarPerm modified mode [ 'dist/jquery.min.map', 420, 438 ]
129 silly gunzTarPerm extractEntry dist/jquery.slim.min.map
130 silly gunzTarPerm modified mode [ 'dist/jquery.slim.min.map', 420, 438 ]
131 silly gunzTarPerm extractEntry external/sizzle/LICENSE.txt
132 silly gunzTarPerm modified mode [ 'external/sizzle/LICENSE.txt', 420, 438 ]
133 silly gunzTarPerm extractEntry external/sizzle/dist/sizzle.js
134 silly gunzTarPerm modified mode [ 'external/sizzle/dist/sizzle.js', 420, 438 ]
135 silly gunzTarPerm extractEntry external/sizzle/dist/sizzle.min.js
136 silly gunzTarPerm modified mode [ 'external/sizzle/dist/sizzle.min.js', 420, 438 ]
137 silly gunzTarPerm extractEntry external/sizzle/dist/sizzle.min.map
138 silly gunzTarPerm modified mode [ 'external/sizzle/dist/sizzle.min.map', 420, 438 ]
139 silly gunzTarPerm extractEntry src/wrap.js
140 silly gunzTarPerm modified mode [ 'src/wrap.js', 420, 438 ]
141 silly gunzTarPerm extractEntry src/core.js
142 silly gunzTarPerm modified mode [ 'src/core.js', 420, 438 ]
143 silly gunzTarPerm extractEntry src/selector.js
144 silly gunzTarPerm modified mode [ 'src/selector.js', 420, 438 ]
145 silly gunzTarPerm extractEntry src/css.js
146 silly gunzTarPerm modified mode [ 'src/css.js', 420, 438 ]
147 silly gunzTarPerm extractEntry src/selector-sizzle.js
148 silly gunzTarPerm modified mode [ 'src/selector-sizzle.js', 420, 438 ]
149 silly gunzTarPerm extractEntry src/serialize.js
150 silly gunzTarPerm modified mode [ 'src/serialize.js', 420, 438 ]
151 silly gunzTarPerm extractEntry src/selector-native.js
152 silly gunzTarPerm modified mode [ 'src/selector-native.js', 420, 438 ]
153 silly gunzTarPerm extractEntry src/deferred.js
154 silly gunzTarPerm modified mode [ 'src/deferred.js', 420, 438 ]
155 silly gunzTarPerm extractEntry src/deprecated.js
156 silly gunzTarPerm modified mode [ 'src/deprecated.js', 420, 438 ]
157 silly gunzTarPerm extractEntry src/dimensions.js
158 silly gunzTarPerm modified mode [ 'src/dimensions.js', 420, 438 ]
159 silly gunzTarPerm extractEntry src/queue.js
160 silly gunzTarPerm modified mode [ 'src/queue.js', 420, 438 ]
161 silly gunzTarPerm extractEntry src/callbacks.js
162 silly gunzTarPerm modified mode [ 'src/callbacks.js', 420, 438 ]
163 silly gunzTarPerm extractEntry src/offset.js
164 silly gunzTarPerm modified mode [ 'src/offset.js', 420, 438 ]
165 silly gunzTarPerm extractEntry src/attributes.js
166 silly gunzTarPerm modified mode [ 'src/attributes.js', 420, 438 ]
167 silly gunzTarPerm extractEntry src/manipulation.js
168 silly gunzTarPerm modified mode [ 'src/manipulation.js', 420, 438 ]
169 silly gunzTarPerm extractEntry src/traversing.js
170 silly gunzTarPerm modified mode [ 'src/traversing.js', 420, 438 ]
171 silly gunzTarPerm extractEntry src/event.js
172 silly gunzTarPerm modified mode [ 'src/event.js', 420, 438 ]
173 silly gunzTarPerm extractEntry src/ajax.js
174 silly gunzTarPerm modified mode [ 'src/ajax.js', 420, 438 ]
175 silly gunzTarPerm extractEntry src/jquery.js
176 silly gunzTarPerm modified mode [ 'src/jquery.js', 420, 438 ]
177 silly gunzTarPerm extractEntry src/data.js
178 silly gunzTarPerm modified mode [ 'src/data.js', 420, 438 ]
179 silly gunzTarPerm extractEntry src/effects.js
180 silly gunzTarPerm modified mode [ 'src/effects.js', 420, 438 ]
181 silly gunzTarPerm extractEntry src/data/Data.js
182 silly gunzTarPerm modified mode [ 'src/data/Data.js', 420, 438 ]
183 silly gunzTarPerm extractEntry src/data/var/acceptData.js
184 silly gunzTarPerm modified mode [ 'src/data/var/acceptData.js', 420, 438 ]
185 silly gunzTarPerm extractEntry src/data/var/dataPriv.js
186 silly gunzTarPerm modified mode [ 'src/data/var/dataPriv.js', 420, 438 ]
187 silly gunzTarPerm extractEntry src/data/var/dataUser.js
188 silly gunzTarPerm modified mode [ 'src/data/var/dataUser.js', 420, 438 ]
189 silly gunzTarPerm extractEntry src/exports/amd.js
190 silly gunzTarPerm modified mode [ 'src/exports/amd.js', 420, 438 ]
191 silly gunzTarPerm extractEntry src/exports/global.js
192 silly gunzTarPerm modified mode [ 'src/exports/global.js', 420, 438 ]
193 silly gunzTarPerm extractEntry src/event/ajax.js
194 silly gunzTarPerm modified mode [ 'src/event/ajax.js', 420, 438 ]
195 silly gunzTarPerm extractEntry src/event/alias.js
196 silly gunzTarPerm modified mode [ 'src/event/alias.js', 420, 438 ]
197 silly gunzTarPerm extractEntry src/event/focusin.js
198 silly gunzTarPerm modified mode [ 'src/event/focusin.js', 420, 438 ]
199 silly gunzTarPerm extractEntry src/event/support.js
200 silly gunzTarPerm modified mode [ 'src/event/support.js', 420, 438 ]
201 silly gunzTarPerm extractEntry src/event/trigger.js
202 silly gunzTarPerm modified mode [ 'src/event/trigger.js', 420, 438 ]
203 silly gunzTarPerm extractEntry src/ajax/jsonp.js
204 silly gunzTarPerm modified mode [ 'src/ajax/jsonp.js', 420, 438 ]
205 silly gunzTarPerm extractEntry src/ajax/load.js
206 silly gunzTarPerm modified mode [ 'src/ajax/load.js', 420, 438 ]
207 silly gunzTarPerm extractEntry src/ajax/parseXML.js
208 silly gunzTarPerm modified mode [ 'src/ajax/parseXML.js', 420, 438 ]
209 silly gunzTarPerm extractEntry src/ajax/script.js
210 silly gunzTarPerm modified mode [ 'src/ajax/script.js', 420, 438 ]
211 silly gunzTarPerm extractEntry src/ajax/xhr.js
212 silly gunzTarPerm modified mode [ 'src/ajax/xhr.js', 420, 438 ]
213 silly gunzTarPerm extractEntry src/ajax/var/location.js
214 silly gunzTarPerm modified mode [ 'src/ajax/var/location.js', 420, 438 ]
215 silly gunzTarPerm extractEntry src/ajax/var/nonce.js
216 silly gunzTarPerm modified mode [ 'src/ajax/var/nonce.js', 420, 438 ]
217 silly gunzTarPerm extractEntry src/ajax/var/rquery.js
218 silly gunzTarPerm modified mode [ 'src/ajax/var/rquery.js', 420, 438 ]
219 silly gunzTarPerm extractEntry src/queue/delay.js
220 silly gunzTarPerm modified mode [ 'src/queue/delay.js', 420, 438 ]
221 silly gunzTarPerm extractEntry src/effects/Tween.js
222 silly gunzTarPerm modified mode [ 'src/effects/Tween.js', 420, 438 ]
223 silly gunzTarPerm extractEntry src/effects/animatedSelector.js
224 silly gunzTarPerm modified mode [ 'src/effects/animatedSelector.js', 420, 438 ]
225 silly gunzTarPerm extractEntry src/deferred/exceptionHook.js
226 silly gunzTarPerm modified mode [ 'src/deferred/exceptionHook.js', 420, 438 ]
227 silly gunzTarPerm extractEntry src/manipulation/_evalUrl.js
228 silly gunzTarPerm modified mode [ 'src/manipulation/_evalUrl.js', 420, 438 ]
229 silly gunzTarPerm extractEntry src/manipulation/buildFragment.js
230 silly gunzTarPerm modified mode [ 'src/manipulation/buildFragment.js', 420, 438 ]
231 silly gunzTarPerm extractEntry src/manipulation/getAll.js
232 silly gunzTarPerm modified mode [ 'src/manipulation/getAll.js', 420, 438 ]
233 silly gunzTarPerm extractEntry src/manipulation/setGlobalEval.js
234 silly gunzTarPerm modified mode [ 'src/manipulation/setGlobalEval.js', 420, 438 ]
235 silly gunzTarPerm extractEntry src/manipulation/support.js
236 silly gunzTarPerm modified mode [ 'src/manipulation/support.js', 420, 438 ]
237 silly gunzTarPerm extractEntry src/manipulation/wrapMap.js
238 silly gunzTarPerm modified mode [ 'src/manipulation/wrapMap.js', 420, 438 ]
239 silly gunzTarPerm extractEntry src/manipulation/var/rcheckableType.js
240 silly gunzTarPerm modified mode [ 'src/manipulation/var/rcheckableType.js', 420, 438 ]
241 silly gunzTarPerm extractEntry src/manipulation/var/rscriptType.js
242 silly gunzTarPerm modified mode [ 'src/manipulation/var/rscriptType.js', 420, 438 ]
243 silly gunzTarPerm extractEntry src/manipulation/var/rtagName.js
244 silly gunzTarPerm modified mode [ 'src/manipulation/var/rtagName.js', 420, 438 ]
245 silly gunzTarPerm extractEntry src/css/addGetHookIf.js
246 silly gunzTarPerm modified mode [ 'src/css/addGetHookIf.js', 420, 438 ]
247 silly gunzTarPerm extractEntry src/css/adjustCSS.js
248 silly gunzTarPerm modified mode [ 'src/css/adjustCSS.js', 420, 438 ]
249 silly gunzTarPerm extractEntry src/css/curCSS.js
250 silly gunzTarPerm modified mode [ 'src/css/curCSS.js', 420, 438 ]
251 silly gunzTarPerm extractEntry src/css/hiddenVisibleSelectors.js
252 silly gunzTarPerm modified mode [ 'src/css/hiddenVisibleSelectors.js', 420, 438 ]
253 silly gunzTarPerm extractEntry src/css/showHide.js
254 silly gunzTarPerm modified mode [ 'src/css/showHide.js', 420, 438 ]
255 silly gunzTarPerm extractEntry src/css/support.js
256 silly gunzTarPerm modified mode [ 'src/css/support.js', 420, 438 ]
257 silly gunzTarPerm extractEntry src/css/var/cssExpand.js
258 silly gunzTarPerm modified mode [ 'src/css/var/cssExpand.js', 420, 438 ]
259 silly gunzTarPerm extractEntry src/css/var/getStyles.js
260 silly gunzTarPerm modified mode [ 'src/css/var/getStyles.js', 420, 438 ]
261 silly gunzTarPerm extractEntry src/css/var/isHiddenWithinTree.js
262 silly gunzTarPerm modified mode [ 'src/css/var/isHiddenWithinTree.js', 420, 438 ]
263 silly gunzTarPerm extractEntry src/css/var/rmargin.js
264 silly gunzTarPerm modified mode [ 'src/css/var/rmargin.js', 420, 438 ]
265 silly gunzTarPerm extractEntry src/css/var/rnumnonpx.js
266 silly gunzTarPerm modified mode [ 'src/css/var/rnumnonpx.js', 420, 438 ]
267 silly gunzTarPerm extractEntry src/css/var/swap.js
268 silly gunzTarPerm modified mode [ 'src/css/var/swap.js', 420, 438 ]
269 silly gunzTarPerm extractEntry src/core/DOMEval.js
270 silly gunzTarPerm modified mode [ 'src/core/DOMEval.js', 420, 438 ]
271 silly gunzTarPerm extractEntry src/core/init.js
272 silly gunzTarPerm modified mode [ 'src/core/init.js', 420, 438 ]
273 silly gunzTarPerm extractEntry src/core/nodeName.js
274 silly gunzTarPerm modified mode [ 'src/core/nodeName.js', 420, 438 ]
275 silly gunzTarPerm extractEntry src/core/parseHTML.js
276 silly gunzTarPerm modified mode [ 'src/core/parseHTML.js', 420, 438 ]
277 silly gunzTarPerm extractEntry src/core/access.js
278 silly gunzTarPerm modified mode [ 'src/core/access.js', 420, 438 ]
279 silly gunzTarPerm extractEntry src/core/ready.js
280 silly gunzTarPerm modified mode [ 'src/core/ready.js', 420, 438 ]
281 silly gunzTarPerm extractEntry src/core/readyException.js
282 silly gunzTarPerm modified mode [ 'src/core/readyException.js', 420, 438 ]
283 silly gunzTarPerm extractEntry src/core/stripAndCollapse.js
284 silly gunzTarPerm modified mode [ 'src/core/stripAndCollapse.js', 420, 438 ]
285 silly gunzTarPerm extractEntry src/core/support.js
286 silly gunzTarPerm modified mode [ 'src/core/support.js', 420, 438 ]
287 silly gunzTarPerm extractEntry src/core/ready-no-deferred.js
288 silly gunzTarPerm modified mode [ 'src/core/ready-no-deferred.js', 420, 438 ]
289 silly gunzTarPerm extractEntry src/core/var/rsingleTag.js
290 silly gunzTarPerm modified mode [ 'src/core/var/rsingleTag.js', 420, 438 ]
291 silly gunzTarPerm extractEntry src/traversing/findFilter.js
292 silly gunzTarPerm modified mode [ 'src/traversing/findFilter.js', 420, 438 ]
293 silly gunzTarPerm extractEntry src/traversing/var/dir.js
294 silly gunzTarPerm modified mode [ 'src/traversing/var/dir.js', 420, 438 ]
295 silly gunzTarPerm extractEntry src/traversing/var/rneedsContext.js
296 silly gunzTarPerm modified mode [ 'src/traversing/var/rneedsContext.js', 420, 438 ]
297 silly gunzTarPerm extractEntry src/traversing/var/siblings.js
298 silly gunzTarPerm modified mode [ 'src/traversing/var/siblings.js', 420, 438 ]
299 silly gunzTarPerm extractEntry src/attributes/attr.js
300 silly gunzTarPerm modified mode [ 'src/attributes/attr.js', 420, 438 ]
301 silly gunzTarPerm extractEntry src/attributes/classes.js
302 silly gunzTarPerm modified mode [ 'src/attributes/classes.js', 420, 438 ]
303 silly gunzTarPerm extractEntry src/attributes/prop.js
304 silly gunzTarPerm modified mode [ 'src/attributes/prop.js', 420, 438 ]
305 silly gunzTarPerm extractEntry src/attributes/support.js
306 silly gunzTarPerm modified mode [ 'src/attributes/support.js', 420, 438 ]
307 silly gunzTarPerm extractEntry src/attributes/val.js
308 silly gunzTarPerm modified mode [ 'src/attributes/val.js', 420, 438 ]
309 silly gunzTarPerm extractEntry src/var/ObjectFunctionString.js
310 silly gunzTarPerm modified mode [ 'src/var/ObjectFunctionString.js', 420, 438 ]
311 silly gunzTarPerm extractEntry src/var/documentElement.js
312 silly gunzTarPerm modified mode [ 'src/var/documentElement.js', 420, 438 ]
313 silly gunzTarPerm extractEntry src/var/fnToString.js
314 silly gunzTarPerm modified mode [ 'src/var/fnToString.js', 420, 438 ]
315 silly gunzTarPerm extractEntry src/var/getProto.js
316 silly gunzTarPerm modified mode [ 'src/var/getProto.js', 420, 438 ]
317 silly gunzTarPerm extractEntry src/var/document.js
318 silly gunzTarPerm modified mode [ 'src/var/document.js', 420, 438 ]
319 silly gunzTarPerm extractEntry src/var/indexOf.js
320 silly gunzTarPerm modified mode [ 'src/var/indexOf.js', 420, 438 ]
321 silly gunzTarPerm extractEntry src/var/pnum.js
322 silly gunzTarPerm modified mode [ 'src/var/pnum.js', 420, 438 ]
323 silly gunzTarPerm extractEntry src/var/push.js
324 silly gunzTarPerm modified mode [ 'src/var/push.js', 420, 438 ]
325 silly gunzTarPerm extractEntry src/var/rcssNum.js
326 silly gunzTarPerm modified mode [ 'src/var/rcssNum.js', 420, 438 ]
327 silly gunzTarPerm extractEntry src/var/rnothtmlwhite.js
328 silly gunzTarPerm modified mode [ 'src/var/rnothtmlwhite.js', 420, 438 ]
329 silly gunzTarPerm extractEntry src/var/concat.js
330 silly gunzTarPerm modified mode [ 'src/var/concat.js', 420, 438 ]
331 silly gunzTarPerm extractEntry src/var/slice.js
332 silly gunzTarPerm modified mode [ 'src/var/slice.js', 420, 438 ]
333 silly gunzTarPerm extractEntry src/var/class2type.js
334 silly gunzTarPerm modified mode [ 'src/var/class2type.js', 420, 438 ]
335 silly gunzTarPerm extractEntry src/var/support.js
336 silly gunzTarPerm modified mode [ 'src/var/support.js', 420, 438 ]
337 silly gunzTarPerm extractEntry src/var/arr.js
338 silly gunzTarPerm modified mode [ 'src/var/arr.js', 420, 438 ]
339 silly gunzTarPerm extractEntry src/var/toString.js
340 silly gunzTarPerm modified mode [ 'src/var/toString.js', 420, 438 ]
341 silly gunzTarPerm extractEntry src/var/hasOwn.js
342 silly gunzTarPerm modified mode [ 'src/var/hasOwn.js', 420, 438 ]
343 silly gunzTarPerm extractEntry src/.eslintrc.json
344 silly gunzTarPerm modified mode [ 'src/.eslintrc.json', 420, 438 ]
345 silly gentlyRm D:\Программирование\Riff-Point\node_modules\.staging\jquery-fb7ed0e4\node_modules is being purged
346 verbose gentlyRm don't care about contents; nuking D:\Программирование\Riff-Point\node_modules\.staging\jquery-fb7ed0e4\node_modules
347 silly doParallel preinstall 1
348 silly preinstall jquery@3.2.1 D:\Программирование\Riff-Point\node_modules\.staging\jquery-fb7ed0e4
349 info lifecycle jquery@3.2.1~preinstall: jquery@3.2.1
350 silly lifecycle jquery@3.2.1~preinstall: no script for preinstall, continuing
351 silly doReverseSerial remove 0
352 silly doSerial move 0
353 silly doSerial finalize 1
354 silly finalize D:\Программирование\Riff-Point\node_modules\jquery
355 verbose unlock done using C:\Users\123\AppData\Roaming\npm-cache\_locks\staging-75ab2cc1533838c1.lock for D:\Программирование\Riff-Point\node_modules\.staging
356 silly rollbackFailedOptional Starting
357 silly rollbackFailedOptional Finishing
358 silly runTopLevelLifecycles Finishing
359 silly install printInstalled
360 warn enoent ENOENT: no such file or directory, open 'D:\Программирование\Riff-Point\package.json'
361 verbose enoent ENOENT: no such file or directory, open 'D:\Программирование\Riff-Point\package.json'
361 verbose enoent This is most likely not a problem with npm itself
361 verbose enoent and is related to npm not being able to find a file.
362 warn Riff-Point No description
363 verbose If you need help, you may report this error at:
363 verbose     <https://github.com/npm/npm/issues>
364 warn Riff-Point No repository field.
365 verbose If you need help, you may report this error at:
365 verbose     <https://github.com/npm/npm/issues>
366 warn Riff-Point No README data
367 verbose If you need help, you may report this error at:
367 verbose     <https://github.com/npm/npm/issues>
368 warn Riff-Point No license field.
369 verbose If you need help, you may report this error at:
369 verbose     <https://github.com/npm/npm/issues>
370 verbose stack Error: EPERM: operation not permitted, rename 'D:\Программирование\Riff-Point\node_modules\.staging\jquery-fb7ed0e4' -> 'D:\Программирование\Riff-Point\node_modules\jquery'
370 verbose stack     at destStatted (D:\NodeJS\node_modules\npm\lib\install\action\finalize.js:25:7)
370 verbose stack     at D:\NodeJS\node_modules\npm\node_modules\graceful-fs\polyfills.js:264:29
370 verbose stack     at FSReqWrap.oncomplete (fs.js:123:15)
370 verbose stack
370 verbose stack Error: EPERM: operation not permitted, rename 'D:\Программирование\Riff-Point\node_modules\.staging\jquery-fb7ed0e4' -> 'D:\Программирование\Riff-Point\node_modules\jquery'
370 verbose stack     at Error (native)
371 verbose cwd D:\Программирование\Riff-Point
372 error Windows_NT 6.1.7601
373 error argv "D:\\NodeJS\\node.exe" "D:\\NodeJS\\node_modules\\npm\\bin\\npm-cli.js" "i" "--save-dev" "jquery"
374 error node v6.10.2
375 error npm  v3.10.10
376 error path D:\Программирование\Riff-Point\node_modules\.staging\jquery-fb7ed0e4
377 error code EPERM
378 error errno -4048
379 error syscall rename
380 error Error: EPERM: operation not permitted, rename 'D:\Программирование\Riff-Point\node_modules\.staging\jquery-fb7ed0e4' -> 'D:\Программирование\Riff-Point\node_modules\jquery'
380 error     at destStatted (D:\NodeJS\node_modules\npm\lib\install\action\finalize.js:25:7)
380 error     at D:\NodeJS\node_modules\npm\node_modules\graceful-fs\polyfills.js:264:29
380 error     at FSReqWrap.oncomplete (fs.js:123:15)
380 error
380 error Error: EPERM: operation not permitted, rename 'D:\Программирование\Riff-Point\node_modules\.staging\jquery-fb7ed0e4' -> 'D:\Программирование\Riff-Point\node_modules\jquery'
380 error     at Error (native)
380 error  Error: EPERM: operation not permitted, rename 'D:\Программирование\Riff-Point\node_modules\.staging\jquery-fb7ed0e4' -> 'D:\Программирование\Riff-Point\node_modules\jquery'
380 error     at destStatted (D:\NodeJS\node_modules\npm\lib\install\action\finalize.js:25:7)
380 error     at D:\NodeJS\node_modules\npm\node_modules\graceful-fs\polyfills.js:264:29
380 error     at FSReqWrap.oncomplete (fs.js:123:15)
380 error
380 error Error: EPERM: operation not permitted, rename 'D:\Программирование\Riff-Point\node_modules\.staging\jquery-fb7ed0e4' -> 'D:\Программирование\Riff-Point\node_modules\jquery'
380 error     at Error (native)
381 error Please try running this command again as root/Administrator.
382 verbose exit [ -4048, true ]
